# JRE version: OpenJDK Runtime Environment (17.0.7) (build 17.0.7+0-b2043.56-10550314)
# Java VM: OpenJDK 64-Bit Server VM (17.0.7+0-b2043.56-10550314, mixed mode, tiered, compressed oops, compressed class ptrs, g1 gc, windows-amd64)
GC Precious Log:
 CPUs: 16 total, 16 available
 Memory: 16108M
 Large Page Support: Disabled
 NUMA Support: Disabled
 Compressed Oops: Enabled (32-bit)
 Heap Region Size: 1M
 Heap Min Capacity: 8M
 Heap Initial Capacity: 252M
 Heap Max Capacity: 2G
 Pre-touch: Disabled
 Parallel Workers: 13
 Concurrent Workers: 3
 Concurrent Refinement Workers: 13
 Periodic GC: Disabled
Heap:
 garbage-first heap   total 393216K, used 261755K [0x0000000080000000, 0x0000000100000000)
  region size 1024K, 51 young (52224K), 4 survivors (4096K)
 Metaspace       used 177518K, committed 178752K, reserved 1245184K
  class space    used 24124K, committed 24768K, reserved 1048576K
GC Heap History (20 events):
Event: 759.370 GC heap before
{Heap before GC invocations=74 (full 0):
 garbage-first heap   total 266240K, used 181684K [0x0000000080000000, 0x0000000100000000)
  region size 1024K, 48 young (49152K), 1 survivors (1024K)
 Metaspace       used 141741K, committed 142720K, reserved 1179648K
  class space    used 19353K, committed 19840K, reserved 1048576K
}
Event: 759.374 GC heap after
{Heap after GC invocations=75 (full 0):
 garbage-first heap   total 319488K, used 137735K [0x0000000080000000, 0x0000000100000000)
  region size 1024K, 5 young (5120K), 5 survivors (5120K)
 Metaspace       used 141741K, committed 142720K, reserved 1179648K
  class space    used 19353K, committed 19840K, reserved 1048576K
}
Event: 1041.466 GC heap before
{Heap before GC invocations=76 (full 0):
 garbage-first heap   total 319488K, used 300551K [0x0000000080000000, 0x0000000100000000)
  region size 1024K, 120 young (122880K), 5 survivors (5120K)
 Metaspace       used 148598K, committed 149760K, reserved 1179648K
  class space    used 20770K, committed 21312K, reserved 1048576K
}
Event: 1041.473 GC heap after
{Heap after GC invocations=77 (full 0):
 garbage-first heap   total 319488K, used 171581K [0x0000000080000000, 0x0000000100000000)
  region size 1024K, 14 young (14336K), 14 survivors (14336K)
 Metaspace       used 148598K, committed 149760K, reserved 1179648K
  class space    used 20770K, committed 21312K, reserved 1048576K
}
Event: 1041.499 GC heap before
{Heap before GC invocations=77 (full 0):
 garbage-first heap   total 319488K, used 172605K [0x0000000080000000, 0x0000000100000000)
  region size 1024K, 15 young (15360K), 14 survivors (14336K)
 Metaspace       used 148724K, committed 149952K, reserved 1179648K
  class space    used 20788K, committed 21376K, reserved 1048576K
}
Event: 1041.507 GC heap after
{Heap after GC invocations=78 (full 0):
 garbage-first heap   total 319488K, used 170233K [0x0000000080000000, 0x0000000100000000)
  region size 1024K, 2 young (2048K), 2 survivors (2048K)
 Metaspace       used 148724K, committed 149952K, reserved 1179648K
  class space    used 20788K, committed 21376K, reserved 1048576K
}
Event: 1041.888 GC heap before
{Heap before GC invocations=78 (full 0):
 garbage-first heap   total 319488K, used 190713K [0x0000000080000000, 0x0000000100000000)
  region size 1024K, 23 young (23552K), 2 survivors (2048K)
 Metaspace       used 151804K, committed 152960K, reserved 1245184K
  class space    used 21154K, committed 21696K, reserved 1048576K
}
Event: 1041.890 GC heap after
{Heap after GC invocations=79 (full 0):
 garbage-first heap   total 319488K, used 169556K [0x0000000080000000, 0x0000000100000000)
  region size 1024K, 1 young (1024K), 1 survivors (1024K)
 Metaspace       used 151804K, committed 152960K, reserved 1245184K
  class space    used 21154K, committed 21696K, reserved 1048576K
}
Event: 1042.998 GC heap before
{Heap before GC invocations=80 (full 0):
 garbage-first heap   total 319488K, used 276052K [0x0000000080000000, 0x0000000100000000)
  region size 1024K, 94 young (96256K), 1 survivors (1024K)
 Metaspace       used 157297K, committed 158464K, reserved 1245184K
  class space    used 21852K, committed 22400K, reserved 1048576K
}
Event: 1043.007 GC heap after
{Heap after GC invocations=81 (full 0):
 garbage-first heap   total 319488K, used 191202K [0x0000000080000000, 0x0000000100000000)
  region size 1024K, 12 young (12288K), 12 survivors (12288K)
 Metaspace       used 157297K, committed 158464K, reserved 1245184K
  class space    used 21852K, committed 22400K, reserved 1048576K
}
Event: 1043.110 GC heap before
{Heap before GC invocations=81 (full 0):
 garbage-first heap   total 319488K, used 194274K [0x0000000080000000, 0x0000000100000000)
  region size 1024K, 15 young (15360K), 12 survivors (12288K)
 Metaspace       used 157302K, committed 158464K, reserved 1245184K
  class space    used 21852K, committed 22400K, reserved 1048576K
}
Event: 1043.117 GC heap after
{Heap after GC invocations=82 (full 0):
 garbage-first heap   total 319488K, used 187389K [0x0000000080000000, 0x0000000100000000)
  region size 1024K, 2 young (2048K), 2 survivors (2048K)
 Metaspace       used 157302K, committed 158464K, reserved 1245184K
  class space    used 21852K, committed 22400K, reserved 1048576K
}
Event: 1044.103 GC heap before
{Heap before GC invocations=82 (full 0):
 garbage-first heap   total 319488K, used 259069K [0x0000000080000000, 0x0000000100000000)
  region size 1024K, 73 young (74752K), 2 survivors (2048K)
 Metaspace       used 161638K, committed 162816K, reserved 1245184K
  class space    used 22352K, committed 22912K, reserved 1048576K
}
Event: 1044.109 GC heap after
{Heap after GC invocations=83 (full 0):
 garbage-first heap   total 319488K, used 199292K [0x0000000080000000, 0x0000000100000000)
  region size 1024K, 10 young (10240K), 10 survivors (10240K)
 Metaspace       used 161638K, committed 162816K, reserved 1245184K
  class space    used 22352K, committed 22912K, reserved 1048576K
}
Event: 1045.036 GC heap before
{Heap before GC invocations=84 (full 0):
 garbage-first heap   total 352256K, used 265852K [0x0000000080000000, 0x0000000100000000)
  region size 1024K, 68 young (69632K), 10 survivors (10240K)
 Metaspace       used 167100K, committed 168320K, reserved 1245184K
  class space    used 22837K, committed 23424K, reserved 1048576K
}
Event: 1045.043 GC heap after
{Heap after GC invocations=85 (full 0):
 garbage-first heap   total 352256K, used 212826K [0x0000000080000000, 0x0000000100000000)
  region size 1024K, 6 young (6144K), 6 survivors (6144K)
 Metaspace       used 167100K, committed 168320K, reserved 1245184K
  class space    used 22837K, committed 23424K, reserved 1048576K
}
Event: 1045.241 GC heap before
{Heap before GC invocations=85 (full 0):
 garbage-first heap   total 352256K, used 224090K [0x0000000080000000, 0x0000000100000000)
  region size 1024K, 17 young (17408K), 6 survivors (6144K)
 Metaspace       used 168197K, committed 169408K, reserved 1245184K
  class space    used 22971K, committed 23552K, reserved 1048576K
}
Event: 1045.248 GC heap after
{Heap after GC invocations=86 (full 0):
 garbage-first heap   total 352256K, used 211036K [0x0000000080000000, 0x0000000100000000)
  region size 1024K, 2 young (2048K), 2 survivors (2048K)
 Metaspace       used 168197K, committed 169408K, reserved 1245184K
  class space    used 22971K, committed 23552K, reserved 1048576K
}
Event: 1046.431 GC heap before
{Heap before GC invocations=86 (full 0):
 garbage-first heap   total 352256K, used 271452K [0x0000000080000000, 0x0000000100000000)
  region size 1024K, 62 young (63488K), 2 survivors (2048K)
 Metaspace       used 175668K, committed 176832K, reserved 1245184K
  class space    used 23904K, committed 24512K, reserved 1048576K
}
Event: 1046.437 GC heap after
{Heap after GC invocations=87 (full 0):
 garbage-first heap   total 352256K, used 213627K [0x0000000080000000, 0x0000000100000000)
  region size 1024K, 4 young (4096K), 4 survivors (4096K)
 Metaspace       used 175668K, committed 176832K, reserved 1245184K
  class space    used 23904K, committed 24512K, reserved 1048576K
}

