# JRE version: OpenJDK Runtime Environment (17.0.7) (build 17.0.7+0-b2043.56-10550314)
# Java VM: OpenJDK 64-Bit Server VM (17.0.7+0-b2043.56-10550314, mixed mode, tiered, compressed oops, compressed class ptrs, g1 gc, windows-amd64)
GC Precious Log:
 CPUs: 16 total, 16 available
 Memory: 16108M
 Large Page Support: Disabled
 NUMA Support: Disabled
 Compressed Oops: Enabled (32-bit)
 Heap Region Size: 1M
 Heap Min Capacity: 8M
 Heap Initial Capacity: 252M
 Heap Max Capacity: 2G
 Pre-touch: Disabled
 Parallel Workers: 13
 Concurrent Workers: 3
 Concurrent Refinement Workers: 13
 Periodic GC: Disabled
Heap:
 garbage-first heap   total 437248K, used 344799K [0x0000000080000000, 0x0000000100000000)
  region size 1024K, 102 young (104448K), 2 survivors (2048K)
 Metaspace       used 170689K, committed 171584K, reserved 1245184K
  class space    used 22277K, committed 22720K, reserved 1048576K
GC Heap History (20 events):
Event: 26.050 GC heap before
{Heap before GC invocations=64 (full 0):
 garbage-first heap   total 318464K, used 188424K [0x0000000080000000, 0x0000000100000000)
  region size 1024K, 15 young (15360K), 7 survivors (7168K)
 Metaspace       used 147024K, committed 147840K, reserved 1179648K
  class space    used 19287K, committed 19648K, reserved 1048576K
}
Event: 26.055 GC heap after
{Heap after GC invocations=65 (full 0):
 garbage-first heap   total 318464K, used 181900K [0x0000000080000000, 0x0000000100000000)
  region size 1024K, 2 young (2048K), 2 survivors (2048K)
 Metaspace       used 147024K, committed 147840K, reserved 1179648K
  class space    used 19287K, committed 19648K, reserved 1048576K
}
Event: 27.823 GC heap before
{Heap before GC invocations=65 (full 0):
 garbage-first heap   total 318464K, used 290444K [0x0000000080000000, 0x0000000100000000)
  region size 1024K, 88 young (90112K), 2 survivors (2048K)
 Metaspace       used 151661K, committed 152576K, reserved 1245184K
  class space    used 19978K, committed 20416K, reserved 1048576K
}
Event: 27.830 GC heap after
{Heap after GC invocations=66 (full 0):
 garbage-first heap   total 318464K, used 216134K [0x0000000080000000, 0x0000000100000000)
  region size 1024K, 11 young (11264K), 11 survivors (11264K)
 Metaspace       used 151661K, committed 152576K, reserved 1245184K
  class space    used 19978K, committed 20416K, reserved 1048576K
}
Event: 29.008 GC heap before
{Heap before GC invocations=66 (full 0):
 garbage-first heap   total 318464K, used 268358K [0x0000000080000000, 0x0000000100000000)
  region size 1024K, 63 young (64512K), 11 survivors (11264K)
 Metaspace       used 151681K, committed 152576K, reserved 1245184K
  class space    used 19979K, committed 20416K, reserved 1048576K
}
Event: 29.017 GC heap after
{Heap after GC invocations=67 (full 0):
 garbage-first heap   total 318464K, used 224681K [0x0000000080000000, 0x0000000100000000)
  region size 1024K, 8 young (8192K), 8 survivors (8192K)
 Metaspace       used 151681K, committed 152576K, reserved 1245184K
  class space    used 19979K, committed 20416K, reserved 1048576K
}
Event: 30.147 GC heap before
{Heap before GC invocations=67 (full 0):
 garbage-first heap   total 318464K, used 265641K [0x0000000080000000, 0x0000000100000000)
  region size 1024K, 48 young (49152K), 8 survivors (8192K)
 Metaspace       used 151683K, committed 152576K, reserved 1245184K
  class space    used 19979K, committed 20416K, reserved 1048576K
}
Event: 30.152 GC heap after
{Heap after GC invocations=68 (full 0):
 garbage-first heap   total 318464K, used 227967K [0x0000000080000000, 0x0000000100000000)
  region size 1024K, 3 young (3072K), 3 survivors (3072K)
 Metaspace       used 151683K, committed 152576K, reserved 1245184K
  class space    used 19979K, committed 20416K, reserved 1048576K
}
Event: 31.515 GC heap before
{Heap before GC invocations=69 (full 0):
 garbage-first heap   total 380928K, used 265855K [0x0000000080000000, 0x0000000100000000)
  region size 1024K, 43 young (44032K), 3 survivors (3072K)
 Metaspace       used 151684K, committed 152576K, reserved 1245184K
  class space    used 19979K, committed 20416K, reserved 1048576K
}
Event: 31.519 GC heap after
{Heap after GC invocations=70 (full 0):
 garbage-first heap   total 380928K, used 226179K [0x0000000080000000, 0x0000000100000000)
  region size 1024K, 4 young (4096K), 4 survivors (4096K)
 Metaspace       used 151684K, committed 152576K, reserved 1245184K
  class space    used 19979K, committed 20416K, reserved 1048576K
}
Event: 32.034 GC heap before
{Heap before GC invocations=70 (full 0):
 garbage-first heap   total 380928K, used 239491K [0x0000000080000000, 0x0000000100000000)
  region size 1024K, 18 young (18432K), 4 survivors (4096K)
 Metaspace       used 151685K, committed 152576K, reserved 1245184K
  class space    used 19979K, committed 20416K, reserved 1048576K
}
Event: 32.036 GC heap after
{Heap after GC invocations=71 (full 0):
 garbage-first heap   total 380928K, used 223042K [0x0000000080000000, 0x0000000100000000)
  region size 1024K, 2 young (2048K), 2 survivors (2048K)
 Metaspace       used 151685K, committed 152576K, reserved 1245184K
  class space    used 19979K, committed 20416K, reserved 1048576K
}
Event: 35.081 GC heap before
{Heap before GC invocations=71 (full 0):
 garbage-first heap   total 380928K, used 311106K [0x0000000080000000, 0x0000000100000000)
  region size 1024K, 88 young (90112K), 2 survivors (2048K)
 Metaspace       used 151685K, committed 152576K, reserved 1245184K
  class space    used 19979K, committed 20416K, reserved 1048576K
}
Event: 35.084 GC heap after
{Heap after GC invocations=72 (full 0):
 garbage-first heap   total 380928K, used 226885K [0x0000000080000000, 0x0000000100000000)
  region size 1024K, 5 young (5120K), 5 survivors (5120K)
 Metaspace       used 151685K, committed 152576K, reserved 1245184K
  class space    used 19979K, committed 20416K, reserved 1048576K
}
Event: 36.991 GC heap before
{Heap before GC invocations=72 (full 0):
 garbage-first heap   total 380928K, used 305733K [0x0000000080000000, 0x0000000100000000)
  region size 1024K, 83 young (84992K), 5 survivors (5120K)
 Metaspace       used 151718K, committed 152576K, reserved 1245184K
  class space    used 19990K, committed 20416K, reserved 1048576K
}
Event: 36.996 GC heap after
{Heap after GC invocations=73 (full 0):
 garbage-first heap   total 380928K, used 230742K [0x0000000080000000, 0x0000000100000000)
  region size 1024K, 9 young (9216K), 9 survivors (9216K)
 Metaspace       used 151718K, committed 152576K, reserved 1245184K
  class space    used 19990K, committed 20416K, reserved 1048576K
}
Event: 38.408 GC heap before
{Heap before GC invocations=74 (full 0):
 garbage-first heap   total 437248K, used 332118K [0x0000000080000000, 0x0000000100000000)
  region size 1024K, 91 young (93184K), 9 survivors (9216K)
 Metaspace       used 159129K, committed 159936K, reserved 1245184K
  class space    used 20935K, committed 21312K, reserved 1048576K
}
Event: 38.417 GC heap after
{Heap after GC invocations=75 (full 0):
 garbage-first heap   total 437248K, used 239765K [0x0000000080000000, 0x0000000100000000)
  region size 1024K, 12 young (12288K), 12 survivors (12288K)
 Metaspace       used 159129K, committed 159936K, reserved 1245184K
  class space    used 20935K, committed 21312K, reserved 1048576K
}
Event: 38.623 GC heap before
{Heap before GC invocations=75 (full 0):
 garbage-first heap   total 437248K, used 247957K [0x0000000080000000, 0x0000000100000000)
  region size 1024K, 21 young (21504K), 12 survivors (12288K)
 Metaspace       used 159780K, committed 160704K, reserved 1245184K
  class space    used 21031K, committed 21440K, reserved 1048576K
}
Event: 38.628 GC heap after
{Heap after GC invocations=76 (full 0):
 garbage-first heap   total 437248K, used 239327K [0x0000000080000000, 0x0000000100000000)
  region size 1024K, 2 young (2048K), 2 survivors (2048K)
 Metaspace       used 159780K, committed 160704K, reserved 1245184K
  class space    used 21031K, committed 21440K, reserved 1048576K
}

