# JRE version: OpenJDK Runtime Environment (17.0.7) (build 17.0.7+0-b2043.56-10550314)
# Java VM: OpenJDK 64-Bit Server VM (17.0.7+0-b2043.56-10550314, mixed mode, tiered, compressed oops, compressed class ptrs, g1 gc, windows-amd64)
GC Precious Log:
 CPUs: 16 total, 16 available
 Memory: 16108M
 Large Page Support: Disabled
 NUMA Support: Disabled
 Compressed Oops: Enabled (32-bit)
 Heap Region Size: 1M
 Heap Min Capacity: 8M
 Heap Initial Capacity: 252M
 Heap Max Capacity: 2G
 Pre-touch: Disabled
 Parallel Workers: 13
 Concurrent Workers: 3
 Concurrent Refinement Workers: 13
 Periodic GC: Disabled
Heap:
 garbage-first heap   total 332800K, used 300386K [0x0000000080000000, 0x0000000100000000)
  region size 1024K, 109 young (111616K), 15 survivors (15360K)
 Metaspace       used 153490K, committed 154624K, reserved 1245184K
  class space    used 21325K, committed 21888K, reserved 1048576K
GC Heap History (20 events):
Event: 27.642 GC heap before
{Heap before GC invocations=72 (full 0):
 garbage-first heap   total 332800K, used 281029K [0x0000000080000000, 0x0000000100000000)
  region size 1024K, 170 young (174080K), 10 survivors (10240K)
 Metaspace       used 106514K, committed 107328K, reserved 1179648K
  class space    used 14655K, committed 15040K, reserved 1048576K
}
Event: 27.647 GC heap after
{Heap after GC invocations=73 (full 0):
 garbage-first heap   total 332800K, used 112126K [0x0000000080000000, 0x0000000100000000)
  region size 1024K, 6 young (6144K), 6 survivors (6144K)
 Metaspace       used 106514K, committed 107328K, reserved 1179648K
  class space    used 14655K, committed 15040K, reserved 1048576K
}
Event: 32.147 GC heap before
{Heap before GC invocations=73 (full 0):
 garbage-first heap   total 332800K, used 284158K [0x0000000080000000, 0x0000000100000000)
  region size 1024K, 175 young (179200K), 6 survivors (6144K)
 Metaspace       used 110932K, committed 111744K, reserved 1179648K
  class space    used 15214K, committed 15616K, reserved 1048576K
}
Event: 32.153 GC heap after
{Heap after GC invocations=74 (full 0):
 garbage-first heap   total 332800K, used 114725K [0x0000000080000000, 0x0000000100000000)
  region size 1024K, 9 young (9216K), 9 survivors (9216K)
 Metaspace       used 110932K, committed 111744K, reserved 1179648K
  class space    used 15214K, committed 15616K, reserved 1048576K
}
Event: 34.530 GC heap before
{Heap before GC invocations=74 (full 0):
 garbage-first heap   total 332800K, used 283685K [0x0000000080000000, 0x0000000100000000)
  region size 1024K, 174 young (178176K), 9 survivors (9216K)
 Metaspace       used 110933K, committed 111744K, reserved 1179648K
  class space    used 15214K, committed 15616K, reserved 1048576K
}
Event: 34.536 GC heap after
{Heap after GC invocations=75 (full 0):
 garbage-first heap   total 332800K, used 116687K [0x0000000080000000, 0x0000000100000000)
  region size 1024K, 10 young (10240K), 10 survivors (10240K)
 Metaspace       used 110933K, committed 111744K, reserved 1179648K
  class space    used 15214K, committed 15616K, reserved 1048576K
}
Event: 36.497 GC heap before
{Heap before GC invocations=75 (full 0):
 garbage-first heap   total 332800K, used 286671K [0x0000000080000000, 0x0000000100000000)
  region size 1024K, 176 young (180224K), 10 survivors (10240K)
 Metaspace       used 112617K, committed 113344K, reserved 1179648K
  class space    used 15415K, committed 15808K, reserved 1048576K
}
Event: 36.503 GC heap after
{Heap after GC invocations=76 (full 0):
 garbage-first heap   total 332800K, used 115116K [0x0000000080000000, 0x0000000100000000)
  region size 1024K, 9 young (9216K), 9 survivors (9216K)
 Metaspace       used 112617K, committed 113344K, reserved 1179648K
  class space    used 15415K, committed 15808K, reserved 1048576K
}
Event: 52.993 GC heap before
{Heap before GC invocations=76 (full 0):
 garbage-first heap   total 332800K, used 292268K [0x0000000080000000, 0x0000000100000000)
  region size 1024K, 176 young (180224K), 9 survivors (9216K)
 Metaspace       used 124970K, committed 125824K, reserved 1179648K
  class space    used 16961K, committed 17408K, reserved 1048576K
}
Event: 53.010 GC heap after
{Heap after GC invocations=77 (full 0):
 garbage-first heap   total 332800K, used 135111K [0x0000000080000000, 0x0000000100000000)
  region size 1024K, 22 young (22528K), 22 survivors (22528K)
 Metaspace       used 124970K, committed 125824K, reserved 1179648K
  class space    used 16961K, committed 17408K, reserved 1048576K
}
Event: 1256.556 GC heap before
{Heap before GC invocations=77 (full 0):
 garbage-first heap   total 332800K, used 273351K [0x0000000080000000, 0x0000000100000000)
  region size 1024K, 158 young (161792K), 22 survivors (22528K)
 Metaspace       used 128999K, committed 129920K, reserved 1179648K
  class space    used 17472K, committed 17920K, reserved 1048576K
}
Event: 1256.604 GC heap after
{Heap after GC invocations=78 (full 0):
 garbage-first heap   total 332800K, used 137089K [0x0000000080000000, 0x0000000100000000)
  region size 1024K, 5 young (5120K), 5 survivors (5120K)
 Metaspace       used 128999K, committed 129920K, reserved 1179648K
  class space    used 17472K, committed 17920K, reserved 1048576K
}
Event: 1265.764 GC heap before
{Heap before GC invocations=78 (full 0):
 garbage-first heap   total 332800K, used 277377K [0x0000000080000000, 0x0000000100000000)
  region size 1024K, 141 young (144384K), 5 survivors (5120K)
 Metaspace       used 130640K, committed 131584K, reserved 1179648K
  class space    used 17588K, committed 18048K, reserved 1048576K
}
Event: 1265.782 GC heap after
{Heap after GC invocations=79 (full 0):
 garbage-first heap   total 332800K, used 159471K [0x0000000080000000, 0x0000000100000000)
  region size 1024K, 18 young (18432K), 18 survivors (18432K)
 Metaspace       used 130640K, committed 131584K, reserved 1179648K
  class space    used 17588K, committed 18048K, reserved 1048576K
}
Event: 1268.124 GC heap before
{Heap before GC invocations=79 (full 0):
 garbage-first heap   total 332800K, used 268015K [0x0000000080000000, 0x0000000100000000)
  region size 1024K, 125 young (128000K), 18 survivors (18432K)
 Metaspace       used 142331K, committed 143296K, reserved 1179648K
  class space    used 19553K, committed 20032K, reserved 1048576K
}
Event: 1268.140 GC heap after
{Heap after GC invocations=80 (full 0):
 garbage-first heap   total 332800K, used 164754K [0x0000000080000000, 0x0000000100000000)
  region size 1024K, 7 young (7168K), 7 survivors (7168K)
 Metaspace       used 142331K, committed 143296K, reserved 1179648K
  class space    used 19553K, committed 20032K, reserved 1048576K
}
Event: 1270.002 GC heap before
{Heap before GC invocations=80 (full 0):
 garbage-first heap   total 332800K, used 271250K [0x0000000080000000, 0x0000000100000000)
  region size 1024K, 112 young (114688K), 7 survivors (7168K)
 Metaspace       used 150549K, committed 151552K, reserved 1179648K
  class space    used 21048K, committed 21568K, reserved 1048576K
}
Event: 1270.011 GC heap after
{Heap after GC invocations=81 (full 0):
 garbage-first heap   total 332800K, used 164872K [0x0000000080000000, 0x0000000100000000)
  region size 1024K, 8 young (8192K), 8 survivors (8192K)
 Metaspace       used 150549K, committed 151552K, reserved 1179648K
  class space    used 21048K, committed 21568K, reserved 1048576K
}
Event: 1404.544 GC heap before
{Heap before GC invocations=81 (full 0):
 garbage-first heap   total 332800K, used 306184K [0x0000000080000000, 0x0000000100000000)
  region size 1024K, 115 young (117760K), 8 survivors (8192K)
 Metaspace       used 152664K, committed 153792K, reserved 1245184K
  class space    used 21299K, committed 21824K, reserved 1048576K
}
Event: 1404.612 GC heap after
{Heap after GC invocations=82 (full 0):
 garbage-first heap   total 332800K, used 173410K [0x0000000080000000, 0x0000000100000000)
  region size 1024K, 15 young (15360K), 15 survivors (15360K)
 Metaspace       used 152664K, committed 153792K, reserved 1245184K
  class space    used 21299K, committed 21824K, reserved 1048576K
}

